User final saw his file sound.mp3 of id 185 at Wed, 08 Mar 2017 19:36:21 +0000
User final saw his file sound.mp3 of id 185 at Wed, 08 Mar 2017 19:36:53 +0000
User final saw his file hope.mp4 of id 186 at Wed, 08 Mar 2017 19:37:05 +0000
User final saw his file sound.mp3 of id 185 at Wed, 08 Mar 2017 19:58:17 +0000
User final saw his file dtfygujhijkolm.txt of id 184 at Wed, 08 Mar 2017 19:58:44 +0000
User admin created an account as admin at Wed, 08 Mar 2017 20:00:44 +0000
User admin connected himself at Wed, 08 Mar 2017 20:01:02 +0000
User admin uploaded file pictureTest, of id 187 at Wed, 08 Mar 2017 20:01:18 +0000
User admin saw his file pictureTest.jpg of id 187 at Wed, 08 Mar 2017 20:01:20 +0000
User admin renamed file (or folder) pictureTest.jpg, of id 187 into toto. at Wed, 08 Mar 2017 20:05:37 +0000
User admin uploaded file toImprove, of id 188 at Wed, 08 Mar 2017 20:39:40 +0000
User admin saw his file toImprove.txt of id 188 at Wed, 08 Mar 2017 20:39:47 +0000
User admin saw his file toto.jpg of id 187 at Wed, 08 Mar 2017 20:40:23 +0000
User admin saw his file toImprove.txt of id 188 at Wed, 08 Mar 2017 20:52:02 +0000
User admin saw his file toImprove.txt of id 188 at Wed, 08 Mar 2017 20:54:44 +0000
User admin saw his file toImprove.txt of id 188 at Wed, 08 Mar 2017 21:01:02 +0000
User admin saw his file toImprove.txt of id 188 at Wed, 08 Mar 2017 21:01:24 +0000
User admin saw his file toImprove.txt of id 188 at Wed, 08 Mar 2017 21:02:06 +0000
User admin saw his file toImprove.txt of id 188 at Wed, 08 Mar 2017 21:02:26 +0000
User admin wrote into his file toImprove.txt of id 188 at Wed, 08 Mar 2017 21:02:33 +0000
User admin saw his file toImprove.txt of id 188 at Wed, 08 Mar 2017 21:02:36 +0000
